[debug] [2023-09-21T20:10:45.233Z] ----------------------------------------------------------------------
[debug] [2023-09-21T20:10:45.236Z] Command:       C:\Program Files\nodejs\node.exe C:\Users\TH.Yang\AppData\Roaming\npm\node_modules\firebase-tools\lib\bin\firebase.js init
[debug] [2023-09-21T20:10:45.236Z] CLI Version:   12.5.2
[debug] [2023-09-21T20:10:45.237Z] Platform:      win32
[debug] [2023-09-21T20:10:45.237Z] Node Version:  v16.15.1
[debug] [2023-09-21T20:10:45.238Z] Time:          Fri Sep 22 2023 05:10:45 GMT+0900 (Japan Standard Time)
[debug] [2023-09-21T20:10:45.238Z] ----------------------------------------------------------------------
[debug] 
[debug] [2023-09-21T20:10:45.249Z] > command requires scopes: ["email","openid","https://www.googleapis.com/auth/cloudplatformprojects.readonly","https://www.googleapis.com/auth/firebase","https://www.googleapis.com/auth/cloud-platform"]
[debug] [2023-09-21T20:10:45.250Z] > authorizing via signed-in user (edwardnelson2en@gmail.com)
[info] 
     ######## #### ########  ######## ########     ###     ######  ########
     ##        ##  ##     ## ##       ##     ##  ##   ##  ##       ##
     ######    ##  ########  ######   ########  #########  ######  ######
     ##        ##  ##    ##  ##       ##     ## ##     ##       ## ##
     ##       #### ##     ## ######## ########  ##     ##  ######  ########

You're about to initialize a Firebase project in this directory:

  E:\New folder\Google Map Project\get_populartimes

[info] 
=== Project Setup
[info] 
[info] First, let's associate this project directory with a Firebase project.
[info] You can create multiple project aliases by running firebase use --add, 
[info] but for now we'll just set up a default project.
[info] 
[debug] [2023-09-21T20:11:04.893Z] > refreshing access token with scopes: []
[debug] [2023-09-21T20:11:04.895Z] >>> [apiv2][query] POST https://www.googleapis.com/oauth2/v3/token [none]
[debug] [2023-09-21T20:11:04.895Z] >>> [apiv2][body] POST https://www.googleapis.com/oauth2/v3/token [omitted]
[debug] [2023-09-21T20:11:06.036Z] <<< [apiv2][status] POST https://www.googleapis.com/oauth2/v3/token 200
[debug] [2023-09-21T20:11:06.036Z] <<< [apiv2][body] POST https://www.googleapis.com/oauth2/v3/token [omitted]
[debug] [2023-09-21T20:11:06.299Z] >>> [apiv2][query] GET https://firebase.googleapis.com/v1beta1/projects pageSize=100
[debug] [2023-09-21T20:11:07.828Z] <<< [apiv2][status] GET https://firebase.googleapis.com/v1beta1/projects 200
[debug] [2023-09-21T20:11:07.828Z] <<< [apiv2][body] GET https://firebase.googleapis.com/v1beta1/projects [omitted]
